#
# There is insufficient memory for the Java Runtime Environment to continue.
# Native memory allocation (malloc) failed to allocate 1048576 bytes. Error detail: AllocateHeap
# Possible reasons:
#   The system is out of physical RAM or swap space
#   This process is running with CompressedOops enabled, and the Java Heap may be blocking the growth of the native heap
# Possible solutions:
#   Reduce memory load on the system
#   Increase physical memory or swap space
#   Check if swap backing store is full
#   Decrease Java heap size (-Xmx/-Xms)
#   Decrease number of Java threads
#   Decrease Java thread stack sizes (-Xss)
#   Set larger code cache with -XX:ReservedCodeCacheSize=
#   JVM is running with Unscaled Compressed Oops mode in which the Java heap is
#     placed in the first 4GB address space. The Java Heap base address is the
#     maximum limit for the native heap growth. Please use -XX:HeapBaseMinAddress
#     to set the Java Heap base and to place the Java Heap above 4GB virtual address.
# This output file may be truncated or incomplete.
#
#  Out of Memory Error (allocation.cpp:44), pid=17824, tid=31828
#
# JRE version: OpenJDK Runtime Environment Temurin-21.0.8+9 (21.0.8+9) (build 21.0.8+9-LTS)
# Java VM: OpenJDK 64-Bit Server VM Temurin-21.0.8+9 (21.0.8+9-LTS, mixed mode, sharing, tiered, compressed oops, compressed class ptrs, parallel gc, windows-amd64)
# No core dump will be written. Minidumps are not enabled by default on client versions of Windows
#

---------------  S U M M A R Y ------------

Command Line: --add-modules=ALL-SYSTEM --add-opens=java.base/java.util=ALL-UNNAMED --add-opens=java.base/java.lang=ALL-UNNAMED --add-opens=java.base/sun.nio.fs=ALL-UNNAMED -Declipse.application=org.eclipse.jdt.ls.core.id1 -Dosgi.bundles.defaultStartLevel=4 -Declipse.product=org.eclipse.jdt.ls.core.product -Djava.import.generatesMetadataFilesAtProjectRoot=false -DDetectVMInstallationsJob.disabled=true -Dfile.encoding=utf8 -XX:+UseParallelGC -XX:GCTimeRatio=4 -XX:AdaptiveSizePolicyWeight=90 -Dsun.zip.disableMemoryMapping=true -Xmx2G -Xms100m -Xlog:disable -javaagent:c:\Users\raulb\.vscode\extensions\redhat.java-1.47.0-win32-x64\lombok\lombok-1.18.39-4050.jar -XX:+HeapDumpOnOutOfMemoryError -XX:HeapDumpPath=c:\Users\raulb\AppData\Roaming\Code\User\workspaceStorage\d56f7b07a510abf2d0eda2cbce48fe69\redhat.java -Daether.dependencyCollector.impl=bf c:\Users\raulb\.vscode\extensions\redhat.java-1.47.0-win32-x64\server\plugins\org.eclipse.equinox.launcher_1.7.100.v20251014-1222.jar -configuration c:\Users\raulb\AppData\Roaming\Code\User\globalStorage\redhat.java\1.47.0\config_win -data c:\Users\raulb\AppData\Roaming\Code\User\workspaceStorage\d56f7b07a510abf2d0eda2cbce48fe69\redhat.java\jdt_ws --pipe=\\.\pipe\lsp-d692dc45f6db64aa60c73667bb6bef11-sock

Host: 11th Gen Intel(R) Core(TM) i5-11300H @ 3.10GHz, 8 cores, 15G,  Windows 11 , 64 bit Build 26100 (10.0.26100.7019)
Time: Sun Nov 16 10:14:50 2025 Hora oficial do Brasil elapsed time: 46403.539816 seconds (0d 12h 53m 23s)

---------------  T H R E A D  ---------------

Current thread (0x0000017902a67c70):  JavaThread "Attach Listener" daemon [_thread_in_vm, id=31828, stack(0x0000001c79000000,0x0000001c79100000) (1024K)]

Stack: [0x0000001c79000000,0x0000001c79100000]
Native frames: (J=compiled Java code, j=interpreted, Vv=VM code, C=native code)
V  [jvm.dll+0x6d2449]
V  [jvm.dll+0x8ae341]
V  [jvm.dll+0x8b08be]
V  [jvm.dll+0x8b0fa3]
V  [jvm.dll+0x280c96]
V  [jvm.dll+0xc0347]
V  [jvm.dll+0x6d2cf9]
V  [jvm.dll+0x131116]
V  [jvm.dll+0x3f2d16]
V  [jvm.dll+0x857e6b]
V  [jvm.dll+0x6d0b0d]
C  [ucrtbase.dll+0x37b0]
C  [KERNEL32.DLL+0x2e8d7]
C  [ntdll.dll+0x8c53c]


---------------  P R O C E S S  ---------------

Threads class SMR info:
_java_thread_list=0x0000017964d83ce0, length=35, elements={
0x0000017902af4ec0, 0x0000017902bab0f0, 0x0000017902bae530, 0x0000017902a67020,
0x0000017902a67c70, 0x0000017902a6abd0, 0x0000017902a6b620, 0x0000017902a6c450,
0x000001796000ab90, 0x00000179600d3800, 0x0000017960460a20, 0x0000017960a28b00,
0x00000179608bf630, 0x00000179608bfc90, 0x00000179608b3a10, 0x00000179603f67b0,
0x0000017960d726c0, 0x0000017960521a30, 0x000001796051f2d0, 0x00000179605220c0,
0x0000017960520680, 0x00000179605213a0, 0x0000017963c2b770, 0x0000017963c2c490,
0x0000017963c2f280, 0x0000017963c2e560, 0x0000017963c2be00, 0x0000017963c2d1b0,
0x0000017963c2ded0, 0x0000017963c2f910, 0x0000017963c2ffa0, 0x0000017963c2cb20,
0x0000017963c2ebf0, 0x0000017963c2d840, 0x000001796351c480
}

Java Threads: ( => current thread )
  0x0000017902af4ec0 JavaThread "main"                              [_thread_blocked, id=1352, stack(0x0000001c78900000,0x0000001c78a00000) (1024K)]
  0x0000017902bab0f0 JavaThread "Reference Handler"          daemon [_thread_blocked, id=27100, stack(0x0000001c78d00000,0x0000001c78e00000) (1024K)]
  0x0000017902bae530 JavaThread "Finalizer"                  daemon [_thread_blocked, id=19924, stack(0x0000001c78e00000,0x0000001c78f00000) (1024K)]
  0x0000017902a67020 JavaThread "Signal Dispatcher"          daemon [_thread_blocked, id=5920, stack(0x0000001c78f00000,0x0000001c79000000) (1024K)]
=>0x0000017902a67c70 JavaThread "Attach Listener"            daemon [_thread_in_vm, id=31828, stack(0x0000001c79000000,0x0000001c79100000) (1024K)]
  0x0000017902a6abd0 JavaThread "Service Thread"             daemon [_thread_blocked, id=26840, stack(0x0000001c79100000,0x0000001c79200000) (1024K)]
  0x0000017902a6b620 JavaThread "Monitor Deflation Thread"   daemon [_thread_blocked, id=26788, stack(0x0000001c79200000,0x0000001c79300000) (1024K)]
  0x0000017902a6c450 JavaThread "C2 CompilerThread0"         daemon [_thread_blocked, id=32248, stack(0x0000001c79300000,0x0000001c79400000) (1024K)]
  0x000001796000ab90 JavaThread "C1 CompilerThread0"         daemon [_thread_blocked, id=24276, stack(0x0000001c79400000,0x0000001c79500000) (1024K)]
  0x00000179600d3800 JavaThread "Common-Cleaner"             daemon [_thread_blocked, id=24260, stack(0x0000001c79500000,0x0000001c79600000) (1024K)]
  0x0000017960460a20 JavaThread "Notification Thread"        daemon [_thread_blocked, id=14864, stack(0x0000001c79700000,0x0000001c79800000) (1024K)]
  0x0000017960a28b00 JavaThread "Active Thread: Equinox Container: b158fb91-dbb4-4ec5-88b1-4280b8c68332"        [_thread_blocked, id=28704, stack(0x0000001c79f00000,0x0000001c7a000000) (1024K)]
  0x00000179608bf630 JavaThread "Refresh Thread: Equinox Container: b158fb91-dbb4-4ec5-88b1-4280b8c68332" daemon [_thread_blocked, id=28176, stack(0x0000001c79600000,0x0000001c79700000) (1024K)]
  0x00000179608bfc90 JavaThread "Framework Event Dispatcher: Equinox Container: b158fb91-dbb4-4ec5-88b1-4280b8c68332" daemon [_thread_blocked, id=21640, stack(0x0000001c79800000,0x0000001c79900000) (1024K)]
  0x00000179608b3a10 JavaThread "Start Level: Equinox Container: b158fb91-dbb4-4ec5-88b1-4280b8c68332" daemon [_thread_blocked, id=15984, stack(0x0000001c7a100000,0x0000001c7a200000) (1024K)]
  0x00000179603f67b0 JavaThread "Bundle File Closer"         daemon [_thread_blocked, id=23856, stack(0x0000001c7a200000,0x0000001c7a300000) (1024K)]
  0x0000017960d726c0 JavaThread "SCR Component Actor"        daemon [_thread_blocked, id=31352, stack(0x0000001c7a300000,0x0000001c7a400000) (1024K)]
  0x0000017960521a30 JavaThread "Worker-JM"                         [_thread_blocked, id=32056, stack(0x0000001c7a500000,0x0000001c7a600000) (1024K)]
  0x000001796051f2d0 JavaThread "JNA Cleaner"                daemon [_thread_blocked, id=24308, stack(0x0000001c7a700000,0x0000001c7a800000) (1024K)]
  0x00000179605220c0 JavaThread "Worker-0"                          [_thread_blocked, id=26816, stack(0x0000001c7a400000,0x0000001c7a500000) (1024K)]
  0x0000017960520680 JavaThread "Java indexing"              daemon [_thread_blocked, id=3148, stack(0x0000001c7a900000,0x0000001c7aa00000) (1024K)]
  0x00000179605213a0 JavaThread "Worker-3"                          [_thread_blocked, id=26944, stack(0x0000001c7ae00000,0x0000001c7af00000) (1024K)]
  0x0000017963c2b770 JavaThread "Thread-1"                   daemon [_thread_in_native, id=21940, stack(0x0000001c7af00000,0x0000001c7b000000) (1024K)]
  0x0000017963c2c490 JavaThread "Thread-2"                   daemon [_thread_in_native, id=27360, stack(0x0000001c7b000000,0x0000001c7b100000) (1024K)]
  0x0000017963c2f280 JavaThread "Thread-3"                   daemon [_thread_in_native, id=17600, stack(0x0000001c7b100000,0x0000001c7b200000) (1024K)]
  0x0000017963c2e560 JavaThread "Thread-4"                   daemon [_thread_in_native, id=16124, stack(0x0000001c7b200000,0x0000001c7b300000) (1024K)]
  0x0000017963c2be00 JavaThread "Thread-5"                   daemon [_thread_in_native, id=20692, stack(0x0000001c7b300000,0x0000001c7b400000) (1024K)]
  0x0000017963c2d1b0 JavaThread "Thread-6"                   daemon [_thread_in_native, id=29908, stack(0x0000001c7b400000,0x0000001c7b500000) (1024K)]
  0x0000017963c2ded0 JavaThread "Thread-7"                   daemon [_thread_in_native, id=15212, stack(0x0000001c7b500000,0x0000001c7b600000) (1024K)]
  0x0000017963c2f910 JavaThread "Thread-8"                   daemon [_thread_in_native, id=23256, stack(0x0000001c7b600000,0x0000001c7b700000) (1024K)]
  0x0000017963c2ffa0 JavaThread "Thread-9"                   daemon [_thread_in_native, id=13700, stack(0x0000001c7b700000,0x0000001c7b800000) (1024K)]
  0x0000017963c2cb20 JavaThread "pool-2-thread-1"                   [_thread_blocked, id=29264, stack(0x0000001c7b800000,0x0000001c7b900000) (1024K)]
  0x0000017963c2ebf0 JavaThread "WorkspaceEventsHandler"            [_thread_blocked, id=27224, stack(0x0000001c7bb00000,0x0000001c7bc00000) (1024K)]
  0x0000017963c2d840 JavaThread "pool-1-thread-1"                   [_thread_blocked, id=13896, stack(0x0000001c7bc00000,0x0000001c7bd00000) (1024K)]
  0x000001796351c480 JavaThread "Timer-0"                           [_thread_blocked, id=23136, stack(0x0000001c7ce00000,0x0000001c7cf00000) (1024K)]
Total: 35

Other Threads:
  0x0000017902a63600 VMThread "VM Thread"                           [id=9144, stack(0x0000001c78c00000,0x0000001c78d00000) (1024K)]
  0x000001790297c950 WatcherThread "VM Periodic Task Thread"        [id=796, stack(0x0000001c78b00000,0x0000001c78c00000) (1024K)]
  0x0000017902b14620 WorkerThread "GC Thread#0"                     [id=14588, stack(0x0000001c78a00000,0x0000001c78b00000) (1024K)]
  0x0000017960d7b820 WorkerThread "GC Thread#1"                     [id=9900, stack(0x0000001c79900000,0x0000001c79a00000) (1024K)]
  0x00000179607741e0 WorkerThread "GC Thread#2"                     [id=29440, stack(0x0000001c79a00000,0x0000001c79b00000) (1024K)]
  0x00000179604d92e0 WorkerThread "GC Thread#3"                     [id=27088, stack(0x0000001c79b00000,0x0000001c79c00000) (1024K)]
  0x00000179604d9680 WorkerThread "GC Thread#4"                     [id=30428, stack(0x0000001c79c00000,0x0000001c79d00000) (1024K)]
  0x000001796075c1b0 WorkerThread "GC Thread#5"                     [id=32048, stack(0x0000001c79d00000,0x0000001c79e00000) (1024K)]
  0x000001796075c550 WorkerThread "GC Thread#6"                     [id=30296, stack(0x0000001c79e00000,0x0000001c79f00000) (1024K)]
  0x0000017960dd71a0 WorkerThread "GC Thread#7"                     [id=14820, stack(0x0000001c7a000000,0x0000001c7a100000) (1024K)]
Total: 10

Threads with active compile tasks:
Total: 0

VM state: not at safepoint (normal execution)

VM Mutex/Monitor currently owned by a thread: None

Heap address: 0x0000000080000000, size: 2048 MB, Compressed Oops mode: 32-bit

CDS archive(s) mapped at: [0x000001791a000000-0x000001791aba0000-0x000001791aba0000), size 12189696, SharedBaseAddress: 0x000001791a000000, ArchiveRelocationMode: 1.
Compressed class space mapped at: 0x000001791b000000-0x000001795b000000, reserved size: 1073741824
Narrow klass base: 0x000001791a000000, Narrow klass shift: 0, Narrow klass range: 0x100000000

GC Precious Log:
 CardTable entry size: 512
 CPUs: 8 total, 8 available
 Memory: 16167M
 Large Page Support: Disabled
 NUMA Support: Disabled
 Compressed Oops: Enabled (32-bit)
 Alignments: Space 512K, Generation 512K, Heap 2M
 Heap Min Capacity: 100M
 Heap Initial Capacity: 100M
 Heap Max Capacity: 2G
 Pre-touch: Disabled
 Parallel Workers: 8

Heap:
 PSYoungGen      total 23040K, used 11932K [0x00000000d5580000, 0x00000000d7200000, 0x0000000100000000)
  eden space 22016K, 51% used [0x00000000d5580000,0x00000000d6078be0,0x00000000d6b00000)
  from space 1024K, 68% used [0x00000000d7080000,0x00000000d712e490,0x00000000d7180000)
  to   space 512K, 0% used [0x00000000d7180000,0x00000000d7180000,0x00000000d7200000)
 ParOldGen       total 110592K, used 110081K [0x0000000080000000, 0x0000000086c00000, 0x00000000d5580000)
  object space 110592K, 99% used [0x0000000080000000,0x0000000086b80610,0x0000000086c00000)
 Metaspace       used 66482K, committed 67968K, reserved 1114112K
  class space    used 7745K, committed 8384K, reserved 1048576K

Card table byte_map: [0x0000017902490000,0x00000179028a0000] _byte_map_base: 0x0000017902090000

Marking Bits: (ParMarkBitMap*) 0x00007ff83039a340
 Begin Bits: [0x0000017914f90000, 0x0000017916f90000)
 End Bits:   [0x0000017916f90000, 0x0000017918f90000)

Polling page: 0x00000179006c0000

Metaspace:

Usage:
  Non-class:     57.36 MB used.
      Class:      7.56 MB used.
       Both:     64.92 MB used.

Virtual space:
  Non-class space:       64.00 MB reserved,      58.19 MB ( 91%) committed,  1 nodes.
      Class space:        1.00 GB reserved,       8.19 MB ( <1%) committed,  1 nodes.
             Both:        1.06 GB reserved,      66.38 MB (  6%) committed. 

Chunk freelists:
   Non-Class:  5.34 MB
       Class:  7.82 MB
        Both:  13.16 MB

MaxMetaspaceSize: unlimited
CompressedClassSpaceSize: 1.00 GB
Initial GC threshold: 21.00 MB
Current GC threshold: 97.31 MB
CDS: on
 - commit_granule_bytes: 65536.
 - commit_granule_words: 8192.
 - virtual_space_node_default_size: 8388608.
 - enlarge_chunks_in_place: 1.
 - use_allocation_guard: 0.


Internal statistics:

num_allocs_failed_limit: 9.
num_arena_births: 1218.
num_arena_deaths: 30.
num_vsnodes_births: 2.
num_vsnodes_deaths: 0.
num_space_committed: 1062.
num_space_uncommitted: 0.
num_chunks_returned_to_freelist: 44.
num_chunks_taken_from_freelist: 3949.
num_chunk_merges: 10.
num_chunk_splits: 2521.
num_chunks_enlarged: 1606.
num_inconsistent_stats: 0.

CodeHeap 'non-profiled nmethods': size=120000Kb used=7198Kb max_used=7198Kb free=112801Kb
 bounds [0x000001790d7b0000, 0x000001790dec0000, 0x0000017914ce0000]
CodeHeap 'profiled nmethods': size=120000Kb used=19870Kb max_used=19870Kb free=100129Kb
 bounds [0x0000017905ce0000, 0x0000017907050000, 0x000001790d210000]
CodeHeap 'non-nmethods': size=5760Kb used=1443Kb max_used=1508Kb free=4316Kb
 bounds [0x000001790d210000, 0x000001790d480000, 0x000001790d7b0000]
CodeCache: size=245760Kb, used=28511Kb, max_used=28576Kb, free=217246Kb
 total_blobs=10394, nmethods=9655, adapters=644, full_count=0
Compilation: enabled, stopped_count=0, restarted_count=0

Compilation events (20 events):
Event: 45366.793 Thread 0x000001796000ab90 10450       3       org.eclipse.jdt.ls.core.internal.filesystem.JDTLSFilesystemActivator::getResourcePatterns (15 bytes)
Event: 45366.796 Thread 0x000001796000ab90 nmethod 10450 0x0000017907042b10 code [0x0000017907042cc0, 0x0000017907042e28]
Event: 45366.796 Thread 0x000001796000ab90 10448       3       org.eclipse.core.internal.resources.Project::isLocal (64 bytes)
Event: 45366.798 Thread 0x000001796000ab90 nmethod 10448 0x0000017907042f10 code [0x0000017907043100, 0x0000017907043580]
Event: 45366.798 Thread 0x000001796000ab90 10451       3       org.eclipse.core.runtime.SubProgressMonitor::internalWorked (67 bytes)
Event: 45366.798 Thread 0x000001796000ab90 nmethod 10451 0x0000017907043710 code [0x0000017907043900, 0x0000017907043cc0]
Event: 45366.913 Thread 0x000001796000ab90 10452       1       org.eclipse.lsp4j.ClientCapabilities::getWindow (5 bytes)
Event: 45366.915 Thread 0x000001796000ab90 nmethod 10452 0x000001790deb7210 code [0x000001790deb73a0, 0x000001790deb7468]
Event: 45366.916 Thread 0x0000017902a6c450 10453       4       java.lang.Long::valueOf (40 bytes)
Event: 45366.917 Thread 0x000001796000ab90 10454       3       org.eclipse.jdt.ls.core.internal.handlers.ProgressReporterManager$ProgressReporter::isDone (29 bytes)
Event: 45366.918 Thread 0x000001796000ab90 nmethod 10454 0x0000017907043e10 code [0x0000017907043fc0, 0x00000179070441b0]
Event: 45366.918 Thread 0x000001796000ab90 10455       3       java.util.IdentityHashMap::init (11 bytes)
Event: 45366.918 Thread 0x0000017902a6c450 nmethod 10453 0x000001790deb7510 code [0x000001790deb76a0, 0x000001790deb77c0]
Event: 45366.918 Thread 0x000001796000ab90 nmethod 10455 0x0000017907044290 code [0x0000017907044420, 0x00000179070445e0]
Event: 45545.950 Thread 0x000001796000ab90 10456       3       sun.security.provider.AbstractDrbg::engineNextBytes (15 bytes)
Event: 45545.961 Thread 0x000001796000ab90 nmethod 10456 0x0000017907044690 code [0x0000017907044840, 0x00000179070449e0]
Event: 45545.961 Thread 0x000001796000ab90 10457       3       java.security.DrbgParameters::nextBytes (11 bytes)
Event: 45545.961 Thread 0x000001796000ab90 nmethod 10457 0x0000017907044a90 code [0x0000017907044c40, 0x0000017907044dd8]
Event: 45545.961 Thread 0x000001796000ab90 10458   !   3       sun.security.provider.AbstractDrbg::engineNextBytes (283 bytes)
Event: 45545.971 Thread 0x000001796000ab90 nmethod 10458 0x0000017907044e90 code [0x00000179070452c0, 0x0000017907046f48]

GC Heap History (20 events):
Event: 37.411 GC heap before
{Heap before GC invocations=67 (full 3):
 PSYoungGen      total 25088K, used 22656K [0x00000000d5580000, 0x00000000d7380000, 0x0000000100000000)
  eden space 22016K, 100% used [0x00000000d5580000,0x00000000d6b00000,0x00000000d6b00000)
  from space 3072K, 20% used [0x00000000d6d80000,0x00000000d6e20000,0x00000000d7080000)
  to   space 1024K, 0% used [0x00000000d7280000,0x00000000d7280000,0x00000000d7380000)
 ParOldGen       total 94208K, used 93788K [0x0000000080000000, 0x0000000085c00000, 0x00000000d5580000)
  object space 94208K, 99% used [0x0000000080000000,0x0000000085b97328,0x0000000085c00000)
 Metaspace       used 64939K, committed 66432K, reserved 1114112K
  class space    used 7578K, committed 8256K, reserved 1048576K
}
Event: 37.412 GC heap after
{Heap after GC invocations=67 (full 3):
 PSYoungGen      total 23040K, used 608K [0x00000000d5580000, 0x00000000d7380000, 0x0000000100000000)
  eden space 22016K, 0% used [0x00000000d5580000,0x00000000d5580000,0x00000000d6b00000)
  from space 1024K, 59% used [0x00000000d7280000,0x00000000d7318000,0x00000000d7380000)
  to   space 1024K, 0% used [0x00000000d7180000,0x00000000d7180000,0x00000000d7280000)
 ParOldGen       total 94720K, used 94292K [0x0000000080000000, 0x0000000085c80000, 0x00000000d5580000)
  object space 94720K, 99% used [0x0000000080000000,0x0000000085c15328,0x0000000085c80000)
 Metaspace       used 64939K, committed 66432K, reserved 1114112K
  class space    used 7578K, committed 8256K, reserved 1048576K
}
Event: 37.436 GC heap before
{Heap before GC invocations=68 (full 3):
 PSYoungGen      total 23040K, used 22624K [0x00000000d5580000, 0x00000000d7380000, 0x0000000100000000)
  eden space 22016K, 100% used [0x00000000d5580000,0x00000000d6b00000,0x00000000d6b00000)
  from space 1024K, 59% used [0x00000000d7280000,0x00000000d7318000,0x00000000d7380000)
  to   space 1024K, 0% used [0x00000000d7180000,0x00000000d7180000,0x00000000d7280000)
 ParOldGen       total 94720K, used 94292K [0x0000000080000000, 0x0000000085c80000, 0x00000000d5580000)
  object space 94720K, 99% used [0x0000000080000000,0x0000000085c15328,0x0000000085c80000)
 Metaspace       used 64939K, committed 66432K, reserved 1114112K
  class space    used 7578K, committed 8256K, reserved 1048576K
}
Event: 37.437 GC heap after
{Heap after GC invocations=68 (full 3):
 PSYoungGen      total 23040K, used 640K [0x00000000d5580000, 0x00000000d7300000, 0x0000000100000000)
  eden space 22016K, 0% used [0x00000000d5580000,0x00000000d5580000,0x00000000d6b00000)
  from space 1024K, 62% used [0x00000000d7180000,0x00000000d7220000,0x00000000d7280000)
  to   space 512K, 0% used [0x00000000d7280000,0x00000000d7280000,0x00000000d7300000)
 ParOldGen       total 95232K, used 94812K [0x0000000080000000, 0x0000000085d00000, 0x00000000d5580000)
  object space 95232K, 99% used [0x0000000080000000,0x0000000085c97338,0x0000000085d00000)
 Metaspace       used 64939K, committed 66432K, reserved 1114112K
  class space    used 7578K, committed 8256K, reserved 1048576K
}
Event: 37.471 GC heap before
{Heap before GC invocations=69 (full 3):
 PSYoungGen      total 23040K, used 22656K [0x00000000d5580000, 0x00000000d7300000, 0x0000000100000000)
  eden space 22016K, 100% used [0x00000000d5580000,0x00000000d6b00000,0x00000000d6b00000)
  from space 1024K, 62% used [0x00000000d7180000,0x00000000d7220000,0x00000000d7280000)
  to   space 512K, 0% used [0x00000000d7280000,0x00000000d7280000,0x00000000d7300000)
 ParOldGen       total 95232K, used 94812K [0x0000000080000000, 0x0000000085d00000, 0x00000000d5580000)
  object space 95232K, 99% used [0x0000000080000000,0x0000000085c97338,0x0000000085d00000)
 Metaspace       used 64939K, committed 66432K, reserved 1114112K
  class space    used 7578K, committed 8256K, reserved 1048576K
}
Event: 37.471 GC heap after
{Heap after GC invocations=69 (full 3):
 PSYoungGen      total 22528K, used 512K [0x00000000d5580000, 0x00000000d7300000, 0x0000000100000000)
  eden space 22016K, 0% used [0x00000000d5580000,0x00000000d5580000,0x00000000d6b00000)
  from space 512K, 100% used [0x00000000d7280000,0x00000000d7300000,0x00000000d7300000)
  to   space 1536K, 0% used [0x00000000d7000000,0x00000000d7000000,0x00000000d7180000)
 ParOldGen       total 95744K, used 95332K [0x0000000080000000, 0x0000000085d80000, 0x00000000d5580000)
  object space 95744K, 99% used [0x0000000080000000,0x0000000085d19338,0x0000000085d80000)
 Metaspace       used 64939K, committed 66432K, reserved 1114112K
  class space    used 7578K, committed 8256K, reserved 1048576K
}
Event: 37.499 GC heap before
{Heap before GC invocations=70 (full 3):
 PSYoungGen      total 22528K, used 22528K [0x00000000d5580000, 0x00000000d7300000, 0x0000000100000000)
  eden space 22016K, 100% used [0x00000000d5580000,0x00000000d6b00000,0x00000000d6b00000)
  from space 512K, 100% used [0x00000000d7280000,0x00000000d7300000,0x00000000d7300000)
  to   space 1536K, 0% used [0x00000000d7000000,0x00000000d7000000,0x00000000d7180000)
 ParOldGen       total 95744K, used 95332K [0x0000000080000000, 0x0000000085d80000, 0x00000000d5580000)
  object space 95744K, 99% used [0x0000000080000000,0x0000000085d19338,0x0000000085d80000)
 Metaspace       used 64939K, committed 66432K, reserved 1114112K
  class space    used 7578K, committed 8256K, reserved 1048576K
}
Event: 37.500 GC heap after
{Heap after GC invocations=70 (full 3):
 PSYoungGen      total 23552K, used 576K [0x00000000d5580000, 0x00000000d7300000, 0x0000000100000000)
  eden space 22016K, 0% used [0x00000000d5580000,0x00000000d5580000,0x00000000d6b00000)
  from space 1536K, 37% used [0x00000000d7000000,0x00000000d7090000,0x00000000d7180000)
  to   space 1024K, 0% used [0x00000000d7200000,0x00000000d7200000,0x00000000d7300000)
 ParOldGen       total 96256K, used 95828K [0x0000000080000000, 0x0000000085e00000, 0x00000000d5580000)
  object space 96256K, 99% used [0x0000000080000000,0x0000000085d95338,0x0000000085e00000)
 Metaspace       used 64939K, committed 66432K, reserved 1114112K
  class space    used 7578K, committed 8256K, reserved 1048576K
}
Event: 37.526 GC heap before
{Heap before GC invocations=71 (full 3):
 PSYoungGen      total 23552K, used 22592K [0x00000000d5580000, 0x00000000d7300000, 0x0000000100000000)
  eden space 22016K, 100% used [0x00000000d5580000,0x00000000d6b00000,0x00000000d6b00000)
  from space 1536K, 37% used [0x00000000d7000000,0x00000000d7090000,0x00000000d7180000)
  to   space 1024K, 0% used [0x00000000d7200000,0x00000000d7200000,0x00000000d7300000)
 ParOldGen       total 96256K, used 95828K [0x0000000080000000, 0x0000000085e00000, 0x00000000d5580000)
  object space 96256K, 99% used [0x0000000080000000,0x0000000085d95338,0x0000000085e00000)
 Metaspace       used 64939K, committed 66432K, reserved 1114112K
  class space    used 7578K, committed 8256K, reserved 1048576K
}
Event: 37.527 GC heap after
{Heap after GC invocations=71 (full 3):
 PSYoungGen      total 23040K, used 672K [0x00000000d5580000, 0x00000000d7300000, 0x0000000100000000)
  eden space 22016K, 0% used [0x00000000d5580000,0x00000000d5580000,0x00000000d6b00000)
  from space 1024K, 65% used [0x00000000d7200000,0x00000000d72a8000,0x00000000d7300000)
  to   space 1024K, 0% used [0x00000000d7100000,0x00000000d7100000,0x00000000d7200000)
 ParOldGen       total 96768K, used 96268K [0x0000000080000000, 0x0000000085e80000, 0x00000000d5580000)
  object space 96768K, 99% used [0x0000000080000000,0x0000000085e03338,0x0000000085e80000)
 Metaspace       used 64939K, committed 66432K, reserved 1114112K
  class space    used 7578K, committed 8256K, reserved 1048576K
}
Event: 37.548 GC heap before
{Heap before GC invocations=72 (full 3):
 PSYoungGen      total 23040K, used 22688K [0x00000000d5580000, 0x00000000d7300000, 0x0000000100000000)
  eden space 22016K, 100% used [0x00000000d5580000,0x00000000d6b00000,0x00000000d6b00000)
  from space 1024K, 65% used [0x00000000d7200000,0x00000000d72a8000,0x00000000d7300000)
  to   space 1024K, 0% used [0x00000000d7100000,0x00000000d7100000,0x00000000d7200000)
 ParOldGen       total 96768K, used 96268K [0x0000000080000000, 0x0000000085e80000, 0x00000000d5580000)
  object space 96768K, 99% used [0x0000000080000000,0x0000000085e03338,0x0000000085e80000)
 Metaspace       used 64939K, committed 66432K, reserved 1114112K
  class space    used 7578K, committed 8256K, reserved 1048576K
}
Event: 37.549 GC heap after
{Heap after GC invocations=72 (full 3):
 PSYoungGen      total 23040K, used 672K [0x00000000d5580000, 0x00000000d7280000, 0x0000000100000000)
  eden space 22016K, 0% used [0x00000000d5580000,0x00000000d5580000,0x00000000d6b00000)
  from space 1024K, 65% used [0x00000000d7100000,0x00000000d71a8000,0x00000000d7200000)
  to   space 512K, 0% used [0x00000000d7200000,0x00000000d7200000,0x00000000d7280000)
 ParOldGen       total 97280K, used 96796K [0x0000000080000000, 0x0000000085f00000, 0x00000000d5580000)
  object space 97280K, 99% used [0x0000000080000000,0x0000000085e87348,0x0000000085f00000)
 Metaspace       used 64939K, committed 66432K, reserved 1114112K
  class space    used 7578K, committed 8256K, reserved 1048576K
}
Event: 37.569 GC heap before
{Heap before GC invocations=73 (full 3):
 PSYoungGen      total 23040K, used 22688K [0x00000000d5580000, 0x00000000d7280000, 0x0000000100000000)
  eden space 22016K, 100% used [0x00000000d5580000,0x00000000d6b00000,0x00000000d6b00000)
  from space 1024K, 65% used [0x00000000d7100000,0x00000000d71a8000,0x00000000d7200000)
  to   space 512K, 0% used [0x00000000d7200000,0x00000000d7200000,0x00000000d7280000)
 ParOldGen       total 97280K, used 96796K [0x0000000080000000, 0x0000000085f00000, 0x00000000d5580000)
  object space 97280K, 99% used [0x0000000080000000,0x0000000085e87348,0x0000000085f00000)
 Metaspace       used 64939K, committed 66432K, reserved 1114112K
  class space    used 7578K, committed 8256K, reserved 1048576K
}
Event: 37.570 GC heap after
{Heap after GC invocations=73 (full 3):
 PSYoungGen      total 22528K, used 512K [0x00000000d5580000, 0x00000000d7280000, 0x0000000100000000)
  eden space 22016K, 0% used [0x00000000d5580000,0x00000000d5580000,0x00000000d6b00000)
  from space 512K, 100% used [0x00000000d7200000,0x00000000d7280000,0x00000000d7280000)
  to   space 1536K, 0% used [0x00000000d6f80000,0x00000000d6f80000,0x00000000d7100000)
 ParOldGen       total 97792K, used 97420K [0x0000000080000000, 0x0000000085f80000, 0x00000000d5580000)
  object space 97792K, 99% used [0x0000000080000000,0x0000000085f23348,0x0000000085f80000)
 Metaspace       used 64939K, committed 66432K, reserved 1114112K
  class space    used 7578K, committed 8256K, reserved 1048576K
}
Event: 37.592 GC heap before
{Heap before GC invocations=74 (full 3):
 PSYoungGen      total 22528K, used 22528K [0x00000000d5580000, 0x00000000d7280000, 0x0000000100000000)
  eden space 22016K, 100% used [0x00000000d5580000,0x00000000d6b00000,0x00000000d6b00000)
  from space 512K, 100% used [0x00000000d7200000,0x00000000d7280000,0x00000000d7280000)
  to   space 1536K, 0% used [0x00000000d6f80000,0x00000000d6f80000,0x00000000d7100000)
 ParOldGen       total 97792K, used 97420K [0x0000000080000000, 0x0000000085f80000, 0x00000000d5580000)
  object space 97792K, 99% used [0x0000000080000000,0x0000000085f23348,0x0000000085f80000)
 Metaspace       used 64939K, committed 66432K, reserved 1114112K
  class space    used 7578K, committed 8256K, reserved 1048576K
}
Event: 37.593 GC heap after
{Heap after GC invocations=74 (full 3):
 PSYoungGen      total 23552K, used 544K [0x00000000d5580000, 0x00000000d7280000, 0x0000000100000000)
  eden space 22016K, 0% used [0x00000000d5580000,0x00000000d5580000,0x00000000d6b00000)
  from space 1536K, 35% used [0x00000000d6f80000,0x00000000d7008000,0x00000000d7100000)
  to   space 1024K, 0% used [0x00000000d7180000,0x00000000d7180000,0x00000000d7280000)
 ParOldGen       total 98304K, used 97852K [0x0000000080000000, 0x0000000086000000, 0x00000000d5580000)
  object space 98304K, 99% used [0x0000000080000000,0x0000000085f8f348,0x0000000086000000)
 Metaspace       used 64939K, committed 66432K, reserved 1114112K
  class space    used 7578K, committed 8256K, reserved 1048576K
}
Event: 37.632 GC heap before
{Heap before GC invocations=75 (full 3):
 PSYoungGen      total 23552K, used 22282K [0x00000000d5580000, 0x00000000d7280000, 0x0000000100000000)
  eden space 22016K, 98% used [0x00000000d5580000,0x00000000d6abab18,0x00000000d6b00000)
  from space 1536K, 35% used [0x00000000d6f80000,0x00000000d7008000,0x00000000d7100000)
  to   space 1024K, 0% used [0x00000000d7180000,0x00000000d7180000,0x00000000d7280000)
 ParOldGen       total 98304K, used 97852K [0x0000000080000000, 0x0000000086000000, 0x00000000d5580000)
  object space 98304K, 99% used [0x0000000080000000,0x0000000085f8f348,0x0000000086000000)
 Metaspace       used 64966K, committed 66432K, reserved 1114112K
  class space    used 7585K, committed 8256K, reserved 1048576K
}
Event: 37.635 GC heap after
{Heap after GC invocations=75 (full 3):
 PSYoungGen      total 23040K, used 551K [0x00000000d5580000, 0x00000000d7280000, 0x0000000100000000)
  eden space 22016K, 0% used [0x00000000d5580000,0x00000000d5580000,0x00000000d6b00000)
  from space 1024K, 53% used [0x00000000d7180000,0x00000000d7209ef0,0x00000000d7280000)
  to   space 1024K, 0% used [0x00000000d7080000,0x00000000d7080000,0x00000000d7180000)
 ParOldGen       total 110592K, used 109703K [0x0000000080000000, 0x0000000086c00000, 0x00000000d5580000)
  object space 110592K, 99% used [0x0000000080000000,0x0000000086b21f58,0x0000000086c00000)
 Metaspace       used 64966K, committed 66432K, reserved 1114112K
  class space    used 7585K, committed 8256K, reserved 1048576K
}
Event: 5853.777 GC heap before
{Heap before GC invocations=76 (full 3):
 PSYoungGen      total 23040K, used 22567K [0x00000000d5580000, 0x00000000d7280000, 0x0000000100000000)
  eden space 22016K, 100% used [0x00000000d5580000,0x00000000d6b00000,0x00000000d6b00000)
  from space 1024K, 53% used [0x00000000d7180000,0x00000000d7209ef0,0x00000000d7280000)
  to   space 1024K, 0% used [0x00000000d7080000,0x00000000d7080000,0x00000000d7180000)
 ParOldGen       total 110592K, used 109703K [0x0000000080000000, 0x0000000086c00000, 0x00000000d5580000)
  object space 110592K, 99% used [0x0000000080000000,0x0000000086b21f58,0x0000000086c00000)
 Metaspace       used 66348K, committed 67840K, reserved 1114112K
  class space    used 7745K, committed 8384K, reserved 1048576K
}
Event: 5853.864 GC heap after
{Heap after GC invocations=76 (full 3):
 PSYoungGen      total 23040K, used 697K [0x00000000d5580000, 0x00000000d7200000, 0x0000000100000000)
  eden space 22016K, 0% used [0x00000000d5580000,0x00000000d5580000,0x00000000d6b00000)
  from space 1024K, 68% used [0x00000000d7080000,0x00000000d712e490,0x00000000d7180000)
  to   space 512K, 0% used [0x00000000d7180000,0x00000000d7180000,0x00000000d7200000)
 ParOldGen       total 110592K, used 110081K [0x0000000080000000, 0x0000000086c00000, 0x00000000d5580000)
  object space 110592K, 99% used [0x0000000080000000,0x0000000086b80610,0x0000000086c00000)
 Metaspace       used 66348K, committed 67840K, reserved 1114112K
  class space    used 7745K, committed 8384K, reserved 1048576K
}

Dll operation events (15 events):
Event: 0.016 Loaded shared library c:\Users\raulb\.vscode\extensions\redhat.java-1.47.0-win32-x64\jre\21.0.8-win32-x86_64\bin\java.dll
Event: 0.082 Loaded shared library c:\Users\raulb\.vscode\extensions\redhat.java-1.47.0-win32-x64\jre\21.0.8-win32-x86_64\bin\zip.dll
Event: 0.107 Loaded shared library C:\Users\raulb\.vscode\extensions\redhat.java-1.47.0-win32-x64\jre\21.0.8-win32-x86_64\bin\instrument.dll
Event: 0.112 Loaded shared library C:\Users\raulb\.vscode\extensions\redhat.java-1.47.0-win32-x64\jre\21.0.8-win32-x86_64\bin\net.dll
Event: 0.114 Loaded shared library C:\Users\raulb\.vscode\extensions\redhat.java-1.47.0-win32-x64\jre\21.0.8-win32-x86_64\bin\nio.dll
Event: 0.118 Loaded shared library C:\Users\raulb\.vscode\extensions\redhat.java-1.47.0-win32-x64\jre\21.0.8-win32-x86_64\bin\zip.dll
Event: 0.133 Loaded shared library C:\Users\raulb\.vscode\extensions\redhat.java-1.47.0-win32-x64\jre\21.0.8-win32-x86_64\bin\jimage.dll
Event: 0.244 Loaded shared library c:\Users\raulb\.vscode\extensions\redhat.java-1.47.0-win32-x64\jre\21.0.8-win32-x86_64\bin\verify.dll
Event: 5.422 Loaded shared library C:\Users\raulb\AppData\Roaming\Code\User\globalStorage\redhat.java\1.47.0\config_win\org.eclipse.equinox.launcher\org.eclipse.equinox.launcher.win32.win32.x86_64_1.2.1400.v20250801-0854\eclipse_11916.dll
Event: 13.327 Loaded shared library C:\Users\raulb\AppData\Local\Temp\jna-108287004\jna16839217667805055494.dll
Event: 14.900 Loaded shared library C:\Users\raulb\.vscode\extensions\redhat.java-1.47.0-win32-x64\jre\21.0.8-win32-x86_64\bin\sunmscapi.dll
Event: 15.316 Loaded shared library C:\Users\raulb\.vscode\extensions\redhat.java-1.47.0-win32-x64\jre\21.0.8-win32-x86_64\bin\extnet.dll
Event: 26.798 Loaded shared library C:\Users\raulb\.gradle\native\c067742578af261105cb4f569cf0c3c89f3d7b1fecec35dd04571415982c5e48\windows-amd64\native-platform.dll
Event: 34.276 Loaded shared library C:\Users\raulb\.vscode\extensions\redhat.java-1.47.0-win32-x64\jre\21.0.8-win32-x86_64\bin\management.dll
Event: 34.278 Loaded shared library C:\Users\raulb\.vscode\extensions\redhat.java-1.47.0-win32-x64\jre\21.0.8-win32-x86_64\bin\management_ext.dll

Deoptimization events (20 events):
Event: 7716.681 Thread 0x0000017963c2ebf0 DEOPT PACKING pc=0x0000017906d48a81 sp=0x0000001c7bbfe870
Event: 7716.681 Thread 0x0000017963c2ebf0 DEOPT UNPACKING pc=0x000001790d2678e2 sp=0x0000001c7bbfdd90 mode 0
Event: 7716.693 Thread 0x0000017963c2ebf0 Uncommon trap: trap_request=0xffffffc6 fr.pc=0x000001790dcb7050 relative=0x0000000000000bb0
Event: 7716.694 Thread 0x0000017963c2ebf0 Uncommon trap: reason=bimorphic_or_optimized_type_check action=maybe_recompile pc=0x000001790dcb7050 method=org.eclipse.core.internal.dtree.DeltaDataTree.lookup(Lorg/eclipse/core/runtime/IPath;)Lorg/eclipse/core/internal/dtree/DataTreeLookup; @ 66 c2
Event: 7716.694 Thread 0x0000017963c2ebf0 DEOPT PACKING pc=0x000001790dcb7050 sp=0x0000001c7bbfeb60
Event: 7716.694 Thread 0x0000017963c2ebf0 DEOPT UNPACKING pc=0x000001790d266da2 sp=0x0000001c7bbfeab0 mode 2
Event: 7751.883 Thread 0x0000017963c2ebf0 Uncommon trap: trap_request=0xffffffc6 fr.pc=0x000001790dcb7050 relative=0x0000000000000bb0
Event: 7751.883 Thread 0x0000017963c2ebf0 Uncommon trap: reason=bimorphic_or_optimized_type_check action=maybe_recompile pc=0x000001790dcb7050 method=org.eclipse.core.internal.dtree.DeltaDataTree.lookup(Lorg/eclipse/core/runtime/IPath;)Lorg/eclipse/core/internal/dtree/DataTreeLookup; @ 66 c2
Event: 7751.883 Thread 0x0000017963c2ebf0 DEOPT PACKING pc=0x000001790dcb7050 sp=0x0000001c7bbfeb60
Event: 7751.883 Thread 0x0000017963c2ebf0 DEOPT UNPACKING pc=0x000001790d266da2 sp=0x0000001c7bbfeab0 mode 2
Event: 44516.601 Thread 0x0000017963c2ebf0 Uncommon trap: trap_request=0xffffff45 fr.pc=0x000001790de71408 relative=0x00000000000002c8
Event: 44516.601 Thread 0x0000017963c2ebf0 Uncommon trap: reason=unstable_if action=reinterpret pc=0x000001790de71408 method=org.eclipse.core.runtime.Path.equals(Ljava/lang/Object;)Z @ 120 c2
Event: 44516.601 Thread 0x0000017963c2ebf0 DEOPT PACKING pc=0x000001790de71408 sp=0x0000001c7bbff020
Event: 44516.601 Thread 0x0000017963c2ebf0 DEOPT UNPACKING pc=0x000001790d266da2 sp=0x0000001c7bbfefb0 mode 2
Event: 44746.200 Thread 0x000001796351c480 DEOPT PACKING pc=0x00000179070055ab sp=0x0000001c7ceff350
Event: 44746.200 Thread 0x000001796351c480 DEOPT UNPACKING pc=0x000001790d2678e2 sp=0x0000001c7cefe838 mode 0
Event: 45002.694 Thread 0x000001796351c480 Uncommon trap: trap_request=0xffffff45 fr.pc=0x000001790dea238c relative=0x00000000000006ac
Event: 45002.694 Thread 0x000001796351c480 Uncommon trap: reason=unstable_if action=reinterpret pc=0x000001790dea238c method=java.util.TimerThread.mainLoop()V @ 217 c2
Event: 45002.694 Thread 0x000001796351c480 DEOPT PACKING pc=0x000001790dea238c sp=0x0000001c7ceff390
Event: 45002.695 Thread 0x000001796351c480 DEOPT UNPACKING pc=0x000001790d266da2 sp=0x0000001c7ceff340 mode 2

Classes loaded (20 events):
Event: 3689.464 Loading class java/util/stream/Nodes$CollectorTask$OfRef
Event: 3689.470 Loading class java/util/stream/Nodes$CollectorTask
Event: 3689.473 Loading class java/util/stream/Nodes$CollectorTask done
Event: 3689.473 Loading class java/util/stream/Nodes$CollectorTask$OfRef done
Event: 3689.476 Loading class java/util/function/LongFunction
Event: 3689.477 Loading class java/util/function/LongFunction done
Event: 3689.479 Loading class java/util/stream/Nodes$ConcNode
Event: 3689.479 Loading class java/util/stream/Nodes$AbstractConcNode
Event: 3689.480 Loading class java/util/stream/Nodes$AbstractConcNode done
Event: 3689.480 Loading class java/util/stream/Nodes$ConcNode done
Event: 3689.535 Loading class java/util/stream/Nodes$ToArrayTask$OfRef
Event: 3689.536 Loading class java/util/stream/Nodes$ToArrayTask
Event: 3689.537 Loading class java/util/stream/Nodes$ToArrayTask done
Event: 3689.537 Loading class java/util/stream/Nodes$ToArrayTask$OfRef done
Event: 3689.546 Loading class java/io/ObjectOutputStream$BlockDataOutputStream
Event: 3689.547 Loading class java/io/ObjectOutputStream$BlockDataOutputStream done
Event: 3689.547 Loading class java/io/ObjectOutputStream$HandleTable
Event: 3689.548 Loading class java/io/ObjectOutputStream$HandleTable done
Event: 3689.548 Loading class java/io/ObjectOutputStream$ReplaceTable
Event: 3689.548 Loading class java/io/ObjectOutputStream$ReplaceTable done

Classes unloaded (15 events):
Event: 14.130 Thread 0x0000017902a63600 Unloading class 0x000001791b1a4000 'java/lang/invoke/LambdaForm$MH+0x000001791b1a4000'
Event: 14.130 Thread 0x0000017902a63600 Unloading class 0x000001791b1a3c00 'java/lang/invoke/LambdaForm$MH+0x000001791b1a3c00'
Event: 14.130 Thread 0x0000017902a63600 Unloading class 0x000001791b1a3800 'java/lang/invoke/LambdaForm$MH+0x000001791b1a3800'
Event: 14.130 Thread 0x0000017902a63600 Unloading class 0x000001791b1a3400 'java/lang/invoke/LambdaForm$MH+0x000001791b1a3400'
Event: 14.130 Thread 0x0000017902a63600 Unloading class 0x000001791b1a3000 'java/lang/invoke/LambdaForm$BMH+0x000001791b1a3000'
Event: 14.130 Thread 0x0000017902a63600 Unloading class 0x000001791b1a2c00 'java/lang/invoke/LambdaForm$DMH+0x000001791b1a2c00'
Event: 14.130 Thread 0x0000017902a63600 Unloading class 0x000001791b1a1800 'java/lang/invoke/LambdaForm$DMH+0x000001791b1a1800'
Event: 34.304 Thread 0x0000017902a63600 Unloading class 0x000001791b410000 'java/lang/invoke/LambdaForm$MH+0x000001791b410000'
Event: 34.304 Thread 0x0000017902a63600 Unloading class 0x000001791b40b400 'java/lang/invoke/LambdaForm$MH+0x000001791b40b400'
Event: 34.304 Thread 0x0000017902a63600 Unloading class 0x000001791b40ac00 'java/lang/invoke/LambdaForm$MH+0x000001791b40ac00'
Event: 34.304 Thread 0x0000017902a63600 Unloading class 0x000001791b404800 'java/lang/invoke/LambdaForm$MH+0x000001791b404800'
Event: 34.304 Thread 0x0000017902a63600 Unloading class 0x000001791b404000 'java/lang/invoke/LambdaForm$MH+0x000001791b404000'
Event: 34.304 Thread 0x0000017902a63600 Unloading class 0x000001791b403800 'java/lang/invoke/LambdaForm$MH+0x000001791b403800'
Event: 34.304 Thread 0x0000017902a63600 Unloading class 0x000001791b403000 'java/lang/invoke/LambdaForm$MH+0x000001791b403000'
Event: 34.304 Thread 0x0000017902a63600 Unloading class 0x000001791b402400 'java/lang/invoke/LambdaForm$MH+0x000001791b402400'

Classes redefined (0 events):
No events

Internal exceptions (20 events):
Event: 45366.685 Thread 0x00000179605220c0 Exception <a 'sun/nio/fs/WindowsException'{0x00000000d5ed8188}> (0x00000000d5ed8188) 
thrown [s\src\hotspot\share\prims\jni.cpp, line 520]
Event: 45366.685 Thread 0x00000179605220c0 Exception <a 'sun/nio/fs/WindowsException'{0x00000000d5ed8b50}> (0x00000000d5ed8b50) 
thrown [s\src\hotspot\share\prims\jni.cpp, line 520]
Event: 45366.685 Thread 0x00000179605220c0 Exception <a 'sun/nio/fs/WindowsException'{0x00000000d5eda3e8}> (0x00000000d5eda3e8) 
thrown [s\src\hotspot\share\prims\jni.cpp, line 520]
Event: 45366.685 Thread 0x00000179605220c0 Exception <a 'sun/nio/fs/WindowsException'{0x00000000d5edadb0}> (0x00000000d5edadb0) 
thrown [s\src\hotspot\share\prims\jni.cpp, line 520]
Event: 45366.688 Thread 0x00000179605220c0 Exception <a 'sun/nio/fs/WindowsException'{0x00000000d5edf788}> (0x00000000d5edf788) 
thrown [s\src\hotspot\share\prims\jni.cpp, line 520]
Event: 45366.688 Thread 0x00000179605220c0 Exception <a 'sun/nio/fs/WindowsException'{0x00000000d5ee03e0}> (0x00000000d5ee03e0) 
thrown [s\src\hotspot\share\prims\jni.cpp, line 520]
Event: 45366.688 Thread 0x00000179605220c0 Exception <a 'sun/nio/fs/WindowsException'{0x00000000d5ee1c78}> (0x00000000d5ee1c78) 
thrown [s\src\hotspot\share\prims\jni.cpp, line 520]
Event: 45366.688 Thread 0x00000179605220c0 Exception <a 'sun/nio/fs/WindowsException'{0x00000000d5ee2640}> (0x00000000d5ee2640) 
thrown [s\src\hotspot\share\prims\jni.cpp, line 520]
Event: 45366.689 Thread 0x00000179605220c0 Exception <a 'sun/nio/fs/WindowsException'{0x00000000d5ee3e18}> (0x00000000d5ee3e18) 
thrown [s\src\hotspot\share\prims\jni.cpp, line 520]
Event: 45366.689 Thread 0x00000179605220c0 Exception <a 'sun/nio/fs/WindowsException'{0x00000000d5ee47e0}> (0x00000000d5ee47e0) 
thrown [s\src\hotspot\share\prims\jni.cpp, line 520]
Event: 45366.698 Thread 0x00000179605220c0 Exception <a 'sun/nio/fs/WindowsException'{0x00000000d5f09fb0}> (0x00000000d5f09fb0) 
thrown [s\src\hotspot\share\prims\jni.cpp, line 520]
Event: 45366.698 Thread 0x00000179605220c0 Exception <a 'sun/nio/fs/WindowsException'{0x00000000d5f0a978}> (0x00000000d5f0a978) 
thrown [s\src\hotspot\share\prims\jni.cpp, line 520]
Event: 45366.698 Thread 0x00000179605220c0 Exception <a 'sun/nio/fs/WindowsException'{0x00000000d5f0c210}> (0x00000000d5f0c210) 
thrown [s\src\hotspot\share\prims\jni.cpp, line 520]
Event: 45366.698 Thread 0x00000179605220c0 Exception <a 'sun/nio/fs/WindowsException'{0x00000000d5f0cbd8}> (0x00000000d5f0cbd8) 
thrown [s\src\hotspot\share\prims\jni.cpp, line 520]
Event: 45366.699 Thread 0x00000179605220c0 Exception <a 'sun/nio/fs/WindowsException'{0x00000000d5f0e6b8}> (0x00000000d5f0e6b8) 
thrown [s\src\hotspot\share\prims\jni.cpp, line 520]
Event: 45366.699 Thread 0x00000179605220c0 Exception <a 'sun/nio/fs/WindowsException'{0x00000000d5f0f080}> (0x00000000d5f0f080) 
thrown [s\src\hotspot\share\prims\jni.cpp, line 520]
Event: 45366.699 Thread 0x00000179605220c0 Exception <a 'sun/nio/fs/WindowsException'{0x00000000d5f10918}> (0x00000000d5f10918) 
thrown [s\src\hotspot\share\prims\jni.cpp, line 520]
Event: 45366.699 Thread 0x00000179605220c0 Exception <a 'sun/nio/fs/WindowsException'{0x00000000d5f112e0}> (0x00000000d5f112e0) 
thrown [s\src\hotspot\share\prims\jni.cpp, line 520]
Event: 45366.699 Thread 0x00000179605220c0 Exception <a 'sun/nio/fs/WindowsException'{0x00000000d5f12ab8}> (0x00000000d5f12ab8) 
thrown [s\src\hotspot\share\prims\jni.cpp, line 520]
Event: 45366.699 Thread 0x00000179605220c0 Exception <a 'sun/nio/fs/WindowsException'{0x00000000d5f13480}> (0x00000000d5f13480) 
thrown [s\src\hotspot\share\prims\jni.cpp, line 520]

ZGC Phase Switch (0 events):
No events

VM Operations (20 events):
Event: 45549.890 Executing VM operation: HandshakeAllThreads (HandshakeForDeflation)
Event: 45549.890 Executing VM operation: HandshakeAllThreads (HandshakeForDeflation) done
Event: 45549.890 Executing VM operation: RendezvousGCThreads
Event: 45549.890 Executing VM operation: RendezvousGCThreads done
Event: 45610.022 Executing VM operation: HandshakeAllThreads (HandshakeForDeflation)
Event: 45610.022 Executing VM operation: HandshakeAllThreads (HandshakeForDeflation) done
Event: 45610.022 Executing VM operation: RendezvousGCThreads
Event: 45610.022 Executing VM operation: RendezvousGCThreads done
Event: 45670.200 Executing VM operation: HandshakeAllThreads (HandshakeForDeflation)
Event: 45670.200 Executing VM operation: HandshakeAllThreads (HandshakeForDeflation) done
Event: 45670.200 Executing VM operation: RendezvousGCThreads
Event: 45670.200 Executing VM operation: RendezvousGCThreads done
Event: 45730.387 Executing VM operation: HandshakeAllThreads (HandshakeForDeflation)
Event: 45730.387 Executing VM operation: HandshakeAllThreads (HandshakeForDeflation) done
Event: 45730.387 Executing VM operation: RendezvousGCThreads
Event: 45730.387 Executing VM operation: RendezvousGCThreads done
Event: 45790.471 Executing VM operation: HandshakeAllThreads (HandshakeForDeflation)
Event: 45790.471 Executing VM operation: HandshakeAllThreads (HandshakeForDeflation) done
Event: 45790.471 Executing VM operation: RendezvousGCThreads
Event: 45790.471 Executing VM operation: RendezvousGCThreads done

Memory protections (0 events):
No events

Nmethod flushes (20 events):
Event: 34.313 Thread 0x0000017902a63600 flushing  nmethod 0x00000179065c9390
Event: 34.313 Thread 0x0000017902a63600 flushing  nmethod 0x00000179065cbf10
Event: 34.313 Thread 0x0000017902a63600 flushing  nmethod 0x00000179065ccc10
Event: 34.313 Thread 0x0000017902a63600 flushing  nmethod 0x00000179065ccf90
Event: 34.313 Thread 0x0000017902a63600 flushing  nmethod 0x00000179065e6f90
Event: 34.313 Thread 0x0000017902a63600 flushing  nmethod 0x00000179065e7c90
Event: 34.313 Thread 0x0000017902a63600 flushing  nmethod 0x00000179065e8290
Event: 34.313 Thread 0x0000017902a63600 flushing  nmethod 0x00000179065e8b10
Event: 34.313 Thread 0x0000017902a63600 flushing  nmethod 0x00000179065ec010
Event: 34.313 Thread 0x0000017902a63600 flushing  nmethod 0x00000179065ec710
Event: 34.313 Thread 0x0000017902a63600 flushing  nmethod 0x00000179065ef090
Event: 34.313 Thread 0x0000017902a63600 flushing  nmethod 0x0000017906614290
Event: 34.313 Thread 0x0000017902a63600 flushing  nmethod 0x000001790661bd90
Event: 34.313 Thread 0x0000017902a63600 flushing  nmethod 0x0000017906634910
Event: 34.313 Thread 0x0000017902a63600 flushing  nmethod 0x0000017906634e10
Event: 34.313 Thread 0x0000017902a63600 flushing  nmethod 0x0000017906635b90
Event: 34.313 Thread 0x0000017902a63600 flushing  nmethod 0x0000017906637d90
Event: 34.313 Thread 0x0000017902a63600 flushing  nmethod 0x000001790663ab10
Event: 34.313 Thread 0x0000017902a63600 flushing  nmethod 0x00000179066abc10
Event: 34.313 Thread 0x0000017902a63600 flushing  nmethod 0x00000179066b8710

Events (20 events):
Event: 8017.023 Thread 0x0000017963517c50 Thread exited: 0x0000017963517c50
Event: 8017.023 Thread 0x0000017963516f30 Thread exited: 0x0000017963516f30
Event: 8017.207 Thread 0x00000179605213a0 Thread added: 0x0000017963519000
Event: 8077.217 Thread 0x0000017963519000 Thread exited: 0x0000017963519000
Event: 45366.628 Thread 0x00000179605220c0 Thread added: 0x0000017963516f30
Event: 45366.643 Thread 0x0000017963516f30 Thread exited: 0x0000017963516f30
Event: 45366.703 Thread 0x00000179605220c0 Thread added: 0x0000017963516f30
Event: 45366.704 Thread 0x0000017963516f30 Thread added: 0x0000017963519690
Event: 45366.706 Thread 0x0000017963519690 Thread added: 0x000001796351aa40
Event: 45366.706 Thread 0x0000017963516f30 Thread added: 0x00000179635175c0
Event: 45366.707 Thread 0x0000017963519690 Thread added: 0x0000017963517c50
Event: 45366.707 Thread 0x0000017963516f30 Thread added: 0x000001796351b0d0
Event: 45366.707 Thread 0x0000017963519690 Thread added: 0x00000179635182e0
Event: 45366.709 Thread 0x00000179635182e0 Thread exited: 0x00000179635182e0
Event: 45366.709 Thread 0x0000017963516f30 Thread exited: 0x0000017963516f30
Event: 45366.709 Thread 0x000001796351b0d0 Thread exited: 0x000001796351b0d0
Event: 45366.709 Thread 0x000001796351aa40 Thread exited: 0x000001796351aa40
Event: 45366.709 Thread 0x0000017963517c50 Thread exited: 0x0000017963517c50
Event: 45366.709 Thread 0x00000179635175c0 Thread exited: 0x00000179635175c0
Event: 45366.709 Thread 0x0000017963519690 Thread exited: 0x0000017963519690


Dynamic libraries:
0x00007ff71a900000 - 0x00007ff71a90e000 	c:\Users\raulb\.vscode\extensions\redhat.java-1.47.0-win32-x64\jre\21.0.8-win32-x86_64\bin\java.exe
0x00007ff9a2620000 - 0x00007ff9a2888000 	C:\WINDOWS\SYSTEM32\ntdll.dll
0x00007ff9a1f30000 - 0x00007ff9a1ff9000 	C:\WINDOWS\System32\KERNEL32.DLL
0x00007ff99ffc0000 - 0x00007ff9a03b8000 	C:\WINDOWS\System32\KERNELBASE.dll
0x00007ff99fe40000 - 0x00007ff99ff8b000 	C:\WINDOWS\System32\ucrtbase.dll
0x00007ff90fe10000 - 0x00007ff90fe28000 	c:\Users\raulb\.vscode\extensions\redhat.java-1.47.0-win32-x64\jre\21.0.8-win32-x86_64\bin\jli.dll
0x00007ff9a1420000 - 0x00007ff9a15e7000 	C:\WINDOWS\System32\USER32.dll
0x00007ff8f0ba0000 - 0x00007ff8f0bbe000 	c:\Users\raulb\.vscode\extensions\redhat.java-1.47.0-win32-x64\jre\21.0.8-win32-x86_64\bin\VCRUNTIME140.dll
0x00007ff99ff90000 - 0x00007ff99ffb7000 	C:\WINDOWS\System32\win32u.dll
0x00007ff9a25b0000 - 0x00007ff9a25db000 	C:\WINDOWS\System32\GDI32.dll
0x00007ff99fae0000 - 0x00007ff99fc0c000 	C:\WINDOWS\System32\gdi32full.dll
0x00007ff99f8b0000 - 0x00007ff99f953000 	C:\WINDOWS\System32\msvcp_win.dll
0x00007ff977ca0000 - 0x00007ff977f34000 	C:\WINDOWS\WinSxS\amd64_microsoft.windows.common-controls_6595b64144ccf1df_6.0.26100.7019_none_3e06ffa0e335b8a8\COMCTL32.dll
0x00007ff9a1260000 - 0x00007ff9a1309000 	C:\WINDOWS\System32\msvcrt.dll
0x00007ff9a2570000 - 0x00007ff9a25a1000 	C:\WINDOWS\System32\IMM32.DLL
0x00007ff95b8e0000 - 0x00007ff95b8ec000 	c:\Users\raulb\.vscode\extensions\redhat.java-1.47.0-win32-x64\jre\21.0.8-win32-x86_64\bin\vcruntime140_1.dll
0x00007ff850290000 - 0x00007ff85031d000 	c:\Users\raulb\.vscode\extensions\redhat.java-1.47.0-win32-x64\jre\21.0.8-win32-x86_64\bin\msvcp140.dll
0x00007ff82f6e0000 - 0x00007ff830477000 	c:\Users\raulb\.vscode\extensions\redhat.java-1.47.0-win32-x64\jre\21.0.8-win32-x86_64\bin\server\jvm.dll
0x00007ff9a0c10000 - 0x00007ff9a0cc4000 	C:\WINDOWS\System32\ADVAPI32.dll
0x00007ff9a2090000 - 0x00007ff9a2136000 	C:\WINDOWS\System32\sechost.dll
0x00007ff9a2240000 - 0x00007ff9a2358000 	C:\WINDOWS\System32\RPCRT4.dll
0x00007ff9a1310000 - 0x00007ff9a1384000 	C:\WINDOWS\System32\WS2_32.dll
0x00007ff99f5d0000 - 0x00007ff99f62e000 	C:\WINDOWS\SYSTEM32\POWRPROF.dll
0x00007ff980570000 - 0x00007ff98057b000 	C:\WINDOWS\SYSTEM32\VERSION.dll
0x00007ff9922b0000 - 0x00007ff9922e5000 	C:\WINDOWS\SYSTEM32\WINMM.dll
0x00007ff99f5b0000 - 0x00007ff99f5c4000 	C:\WINDOWS\SYSTEM32\UMPDC.dll
0x00007ff99e4f0000 - 0x00007ff99e50b000 	C:\WINDOWS\SYSTEM32\kernel.appcore.dll
0x00007ff911ff0000 - 0x00007ff911ffa000 	c:\Users\raulb\.vscode\extensions\redhat.java-1.47.0-win32-x64\jre\21.0.8-win32-x86_64\bin\jimage.dll
0x00007ff99c610000 - 0x00007ff99c852000 	C:\WINDOWS\SYSTEM32\DBGHELP.DLL
0x00007ff9a0cd0000 - 0x00007ff9a105b000 	C:\WINDOWS\System32\combase.dll
0x00007ff9a1db0000 - 0x00007ff9a1e87000 	C:\WINDOWS\System32\OLEAUT32.dll
0x00007ff9710c0000 - 0x00007ff9710fc000 	C:\WINDOWS\SYSTEM32\dbgcore.DLL
0x00007ff99f770000 - 0x00007ff99f815000 	C:\WINDOWS\System32\bcryptPrimitives.dll
0x00007ff910180000 - 0x00007ff91018f000 	c:\Users\raulb\.vscode\extensions\redhat.java-1.47.0-win32-x64\jre\21.0.8-win32-x86_64\bin\instrument.dll
0x00007ff8ecf60000 - 0x00007ff8ecf7f000 	c:\Users\raulb\.vscode\extensions\redhat.java-1.47.0-win32-x64\jre\21.0.8-win32-x86_64\bin\java.dll
0x00007ff9a03c0000 - 0x00007ff9a0b0f000 	C:\WINDOWS\System32\SHELL32.dll
0x00007ff99fcd0000 - 0x00007ff99fe3b000 	C:\WINDOWS\System32\wintypes.dll
0x00007ff99d350000 - 0x00007ff99dbad000 	C:\WINDOWS\SYSTEM32\windows.storage.dll
0x00007ff9a2140000 - 0x00007ff9a2232000 	C:\WINDOWS\System32\SHCORE.dll
0x00007ff9a0b20000 - 0x00007ff9a0b87000 	C:\WINDOWS\System32\shlwapi.dll
0x00007ff99f690000 - 0x00007ff99f6b9000 	C:\WINDOWS\SYSTEM32\profapi.dll
0x00007ff892d20000 - 0x00007ff892d38000 	c:\Users\raulb\.vscode\extensions\redhat.java-1.47.0-win32-x64\jre\21.0.8-win32-x86_64\bin\zip.dll
0x00007ff911b50000 - 0x00007ff911b60000 	C:\Users\raulb\.vscode\extensions\redhat.java-1.47.0-win32-x64\jre\21.0.8-win32-x86_64\bin\net.dll
0x00007ff9955b0000 - 0x00007ff9956d8000 	C:\WINDOWS\SYSTEM32\WINHTTP.dll
0x00007ff99ea50000 - 0x00007ff99eabb000 	C:\WINDOWS\system32\mswsock.dll
0x00007ff88f140000 - 0x00007ff88f156000 	C:\Users\raulb\.vscode\extensions\redhat.java-1.47.0-win32-x64\jre\21.0.8-win32-x86_64\bin\nio.dll
0x00007ff90ecf0000 - 0x00007ff90ed00000 	c:\Users\raulb\.vscode\extensions\redhat.java-1.47.0-win32-x64\jre\21.0.8-win32-x86_64\bin\verify.dll
0x00007ff868a30000 - 0x00007ff868a74000 	C:\Users\raulb\AppData\Roaming\Code\User\globalStorage\redhat.java\1.47.0\config_win\org.eclipse.equinox.launcher\org.eclipse.equinox.launcher.win32.win32.x86_64_1.2.1400.v20250801-0854\eclipse_11916.dll
0x00007ff9a1060000 - 0x00007ff9a11f7000 	C:\WINDOWS\System32\ole32.dll
0x00007ff99ecd0000 - 0x00007ff99eceb000 	C:\WINDOWS\SYSTEM32\CRYPTSP.dll
0x00007ff99e450000 - 0x00007ff99e48a000 	C:\WINDOWS\system32\rsaenh.dll
0x00007ff99eb00000 - 0x00007ff99eb2b000 	C:\WINDOWS\SYSTEM32\USERENV.dll
0x00007ff99f660000 - 0x00007ff99f68a000 	C:\WINDOWS\SYSTEM32\bcrypt.dll
0x00007ff99ecf0000 - 0x00007ff99ecfc000 	C:\WINDOWS\SYSTEM32\CRYPTBASE.dll
0x00007ff99dee0000 - 0x00007ff99df14000 	C:\WINDOWS\SYSTEM32\IPHLPAPI.DLL
0x00007ff9a1f20000 - 0x00007ff9a1f2a000 	C:\WINDOWS\System32\NSI.dll
0x00007ff84b660000 - 0x00007ff84b6a9000 	C:\Users\raulb\AppData\Local\Temp\jna-108287004\jna16839217667805055494.dll
0x00007ff9a2540000 - 0x00007ff9a2548000 	C:\WINDOWS\System32\PSAPI.DLL
0x00007ff995710000 - 0x00007ff99572e000 	C:\WINDOWS\SYSTEM32\dhcpcsvc6.DLL
0x00007ff9956e0000 - 0x00007ff995703000 	C:\WINDOWS\SYSTEM32\dhcpcsvc.DLL
0x00007ff8fe050000 - 0x00007ff8fe05e000 	C:\Users\raulb\.vscode\extensions\redhat.java-1.47.0-win32-x64\jre\21.0.8-win32-x86_64\bin\sunmscapi.dll
0x00007ff99f960000 - 0x00007ff99fad7000 	C:\WINDOWS\System32\CRYPT32.dll
0x00007ff99ef80000 - 0x00007ff99efb0000 	C:\WINDOWS\SYSTEM32\ncrypt.dll
0x00007ff99ef30000 - 0x00007ff99ef6f000 	C:\WINDOWS\SYSTEM32\NTASN1.dll
0x00007ff99df70000 - 0x00007ff99e09c000 	C:\WINDOWS\SYSTEM32\DNSAPI.dll
0x00007ff994430000 - 0x00007ff99443b000 	C:\Windows\System32\rasadhlp.dll
0x00007ff996470000 - 0x00007ff9964f6000 	C:\WINDOWS\System32\fwpuclnt.dll
0x00007ff8fdf10000 - 0x00007ff8fdf19000 	C:\Users\raulb\.vscode\extensions\redhat.java-1.47.0-win32-x64\jre\21.0.8-win32-x86_64\bin\extnet.dll
0x00007ff884a00000 - 0x00007ff884a27000 	C:\Users\raulb\.gradle\native\c067742578af261105cb4f569cf0c3c89f3d7b1fecec35dd04571415982c5e48\windows-amd64\native-platform.dll
0x00007ff90ab20000 - 0x00007ff90ab2a000 	C:\Users\raulb\.vscode\extensions\redhat.java-1.47.0-win32-x64\jre\21.0.8-win32-x86_64\bin\management.dll
0x00007ff907440000 - 0x00007ff90744b000 	C:\Users\raulb\.vscode\extensions\redhat.java-1.47.0-win32-x64\jre\21.0.8-win32-x86_64\bin\management_ext.dll

JVMTI agents:
c:\Users\raulb\.vscode\extensions\redhat.java-1.47.0-win32-x64\lombok\lombok-1.18.39-4050.jar path:c:\Users\raulb\.vscode\extensions\redhat.java-1.47.0-win32-x64\jre\21.0.8-win32-x86_64\bin\instrument.dll, loaded, initialized, instrumentlib options:none

dbghelp: loaded successfully - version: 4.0.5 - missing functions: none
symbol engine: initialized successfully - sym options: 0x614 - pdb path: .;c:\Users\raulb\.vscode\extensions\redhat.java-1.47.0-win32-x64\jre\21.0.8-win32-x86_64\bin;C:\WINDOWS\SYSTEM32;C:\WINDOWS\WinSxS\amd64_microsoft.windows.common-controls_6595b64144ccf1df_6.0.26100.7019_none_3e06ffa0e335b8a8;c:\Users\raulb\.vscode\extensions\redhat.java-1.47.0-win32-x64\jre\21.0.8-win32-x86_64\bin\server;C:\Users\raulb\AppData\Roaming\Code\User\globalStorage\redhat.java\1.47.0\config_win\org.eclipse.equinox.launcher\org.eclipse.equinox.launcher.win32.win32.x86_64_1.2.1400.v20250801-0854;C:\Users\raulb\AppData\Local\Temp\jna-108287004;C:\Users\raulb\.gradle\native\c067742578af261105cb4f569cf0c3c89f3d7b1fecec35dd04571415982c5e48\windows-amd64

VM Arguments:
jvm_args: --add-modules=ALL-SYSTEM --add-opens=java.base/java.util=ALL-UNNAMED --add-opens=java.base/java.lang=ALL-UNNAMED --add-opens=java.base/sun.nio.fs=ALL-UNNAMED -Declipse.application=org.eclipse.jdt.ls.core.id1 -Dosgi.bundles.defaultStartLevel=4 -Declipse.product=org.eclipse.jdt.ls.core.product -Djava.import.generatesMetadataFilesAtProjectRoot=false -DDetectVMInstallationsJob.disabled=true -Dfile.encoding=utf8 -XX:+UseParallelGC -XX:GCTimeRatio=4 -XX:AdaptiveSizePolicyWeight=90 -Dsun.zip.disableMemoryMapping=true -Xmx2G -Xms100m -Xlog:disable -javaagent:c:\Users\raulb\.vscode\extensions\redhat.java-1.47.0-win32-x64\lombok\lombok-1.18.39-4050.jar -XX:+HeapDumpOnOutOfMemoryError -XX:HeapDumpPath=c:\Users\raulb\AppData\Roaming\Code\User\workspaceStorage\d56f7b07a510abf2d0eda2cbce48fe69\redhat.java -Daether.dependencyCollector.impl=bf 
java_command: c:\Users\raulb\.vscode\extensions\redhat.java-1.47.0-win32-x64\server\plugins\org.eclipse.equinox.launcher_1.7.100.v20251014-1222.jar -configuration c:\Users\raulb\AppData\Roaming\Code\User\globalStorage\redhat.java\1.47.0\config_win -data c:\Users\raulb\AppData\Roaming\Code\User\workspaceStorage\d56f7b07a510abf2d0eda2cbce48fe69\redhat.java\jdt_ws --pipe=\\.\pipe\lsp-d692dc45f6db64aa60c73667bb6bef11-sock
java_class_path (initial): c:\Users\raulb\.vscode\extensions\redhat.java-1.47.0-win32-x64\server\plugins\org.eclipse.equinox.launcher_1.7.100.v20251014-1222.jar
Launcher Type: SUN_STANDARD

[Global flags]
    uintx AdaptiveSizePolicyWeight                 = 90                                        {product} {command line}
     intx CICompilerCount                          = 4                                         {product} {ergonomic}
    uintx GCTimeRatio                              = 4                                         {product} {command line}
     bool HeapDumpOnOutOfMemoryError               = true                                   {manageable} {command line}
    ccstr HeapDumpPath                             = c:\Users\raulb\AppData\Roaming\Code\User\workspaceStorage\d56f7b07a510abf2d0eda2cbce48fe69\redhat.java         {manageable} {command line}
   size_t InitialHeapSize                          = 104857600                                 {product} {command line}
   size_t MaxHeapSize                              = 2147483648                                {product} {command line}
   size_t MaxNewSize                               = 715653120                                 {product} {ergonomic}
   size_t MinHeapDeltaBytes                        = 524288                                    {product} {ergonomic}
   size_t MinHeapSize                              = 104857600                                 {product} {command line}
   size_t NewSize                                  = 34603008                                  {product} {ergonomic}
    uintx NonNMethodCodeHeapSize                   = 5839372                                {pd product} {ergonomic}
    uintx NonProfiledCodeHeapSize                  = 122909434                              {pd product} {ergonomic}
   size_t OldSize                                  = 70254592                                  {product} {ergonomic}
    uintx ProfiledCodeHeapSize                     = 122909434                              {pd product} {ergonomic}
    uintx ReservedCodeCacheSize                    = 251658240                              {pd product} {ergonomic}
     bool SegmentedCodeCache                       = true                                      {product} {ergonomic}
   size_t SoftMaxHeapSize                          = 2147483648                             {manageable} {ergonomic}
     bool UseCompressedOops                        = true                           {product lp64_product} {ergonomic}
     bool UseLargePagesIndividualAllocation        = false                                  {pd product} {ergonomic}
     bool UseParallelGC                            = true                                      {product} {command line}

Logging:
Log output configuration:
 #0: stdout all=off uptime,level,tags foldmultilines=false
 #1: stderr all=off uptime,level,tags foldmultilines=false

Environment Variables:
JAVA_HOME=C:\Program Files\Eclipse Adoptium\jdk-17.0.16.8-hotspot
PATH=C:\Program Files\Eclipse Adoptium\jdk-17.0.16.8-hotspot\bin;C:\Program Files (x86)\Common Files\Oracle\Java\java8path;C:\Program Files (x86)\Common Files\Oracle\Java\javapath;C:\Program Files\Microsoft MPI\Bin\;C:\Windows\system32;C:\Windows;C:\Windows\System32\Wbem;C:\Windows\System32\WindowsPowerShell\v1.0\;C:\Windows\System32\OpenSSH\;C:\Program Files (x86)\NVIDIA Corporation\PhysX\Common;C:\WINDOWS\system32;C:\WINDOWS;C:\WINDOWS\System32\Wbem;C:\WINDOWS\System32\WindowsPowerShell\v1.0\;C:\WINDOWS\System32\OpenSSH\;C:\opencv\build\x64\vc16\bin;C:\msys64\mingw64\bin;C:\bazel;C:\msys64\usr\bin;C:\Program Files\Microsoft SQL Server\Client SDK\ODBC\170\Tools\Binn\;C:\Program Files\Microsoft SQL Server\150\Tools\Binn\;C:\Program Files\dotnet\;C:\Program Files\NVIDIA Corporation\NVIDIA App\NvDLISR;C:\Program Files (x86)\Microsoft SQL Server\160\Tools\Binn\;C:\Program Files\Microsoft SQL Server\160\Tools\Binn\;C:\Program Files\Microsoft SQL Server\160\DTS\Binn\;C:\Ruby34-x64\bin;C:\Program Files\Git\cmd;C:\Program Files\nodejs\;C:\Program Files\Docker\Docker\resources\bin;C:\Users\raulb\AppData\Local\Android\Sdk\platform-tools;C:\Users\raulb\AppData\Local\Android\Sdk\emulator;C:\Users\raulb\AppData\Local\Programs\Python\Python38\Scripts\;C:\Users\raulb\AppData\Local\Programs\Python\Python38\;C:\Users\raulb\AppData\Local\Programs\Python\Python313\Scripts\;C:\Users\raulb\AppData\Local\Programs\Python\Python313\;C:\Users\raulb\AppData\Local\Microsoft\WindowsApps;C:\Users\raulb\AppData\Local\Programs\Microsoft VS Code\bin;C:\opencv\build\x64\vc16\bin;C:\msys64\mingw64\bin;C:\Users\raulb\OneDrive\rea de Trabalho\MongoDBCompass.lnk;C:\Users\raulb\.dotnet\tools;C:\Users\raulb\AppData\Local\GitHubDesktop\bin;C:\Users\raulb\AppData\Roaming\npm;C:\Users\raulb\AppData\Local\Google\Cloud SDK\google-cloud-sdk\bin;C:\Users\raulb\.fly\bin;C:\Users\raulb\.dotnet\tools
USERNAME=raulb
OS=Windows_NT
PROCESSOR_IDENTIFIER=Intel64 Family 6 Model 140 Stepping 1, GenuineIntel
TMP=C:\Users\raulb\AppData\Local\Temp
TEMP=C:\Users\raulb\AppData\Local\Temp




Periodic native trim disabled

---------------  S Y S T E M  ---------------

OS:
 Windows 11 , 64 bit Build 26100 (10.0.26100.7019)
OS uptime: 2 days 19:50 hours
Hyper-V role detected

CPU: total 8 (initial active 8) (4 cores per cpu, 2 threads per core) family 6 model 140 stepping 1 microcode 0xa4, cx8, cmov, fxsr, ht, mmx, 3dnowpref, sse, sse2, sse3, ssse3, sse4.1, sse4.2, popcnt, lzcnt, tsc, tscinvbit, avx, avx2, aes, erms, clmul, bmi1, bmi2, adx, avx512f, avx512dq, avx512cd, avx512bw, avx512vl, sha, fma, vzeroupper, avx512_vpopcntdq, avx512_vpclmulqdq, avx512_vaes, avx512_vnni, clflush, clflushopt, clwb, avx512_vbmi2, avx512_vbmi, hv, rdtscp, rdpid, fsrm, gfni, avx512_bitalg, f16c, cet_ibt, cet_ss, avx512_ifma
Processor Information for the first 8 processors :
  Max Mhz: 3110, Current Mhz: 3110, Mhz Limit: 3110

Memory: 4k page, system-wide physical 16167M (1465M free)
TotalPageFile size 28455M (AvailPageFile size 157M)
current process WorkingSet (physical memory assigned to process): 54M, peak: 377M
current process commit charge ("private bytes"): 402M, peak: 447M

vm_info: OpenJDK 64-Bit Server VM (21.0.8+9-LTS) for windows-amd64 JRE (21.0.8+9-LTS), built on 2025-07-15T00:00:00Z by "admin" with MS VC++ 17.7 (VS2022)

END.
